<?xml version="1.0" encoding="UTF-8"?>
<!-- Generated by org.testng.reporters.JUnitReportReporter -->
<testsuite hostname="Khaled-Desktop" failures="0" tests="1" name="testcases.Add2CartTest" time="69.380" errors="0" timestamp="2023-10-03T22:53:36 EEST" skipped="0">
  <testcase classname="testcases.Add2CartTest" name="addtocartTest" time="69.380"/>
  <system-out/>
</testsuite> <!-- testcases.Add2CartTest -->
