<?xml version="1.0" encoding="UTF-8"?>
<!-- Generated by org.testng.reporters.JUnitReportReporter -->
<testsuite hostname="Khaled-Desktop" failures="0" tests="1" name="pages.HomePageTest" time="0.041" errors="0" timestamp="2023-10-02T21:55:11 EEST" skipped="0">
  <testcase classname="pages.HomePageTest" name="signIn" time="0.041"/>
  <system-out/>
</testsuite> <!-- pages.HomePageTest -->
