<?xml version="1.0" encoding="UTF-8"?>
<!-- Generated by org.testng.reporters.JUnitReportReporter -->
<testsuite hostname="Khaled-Desktop" failures="0" tests="1" name="ui.LoginTest" time="0.007" errors="0" timestamp="2023-10-02T00:03:01 EEST" skipped="0">
  <testcase classname="ui.LoginTest" name="logintest" time="0.007"/>
  <system-out/>
</testsuite> <!-- ui.LoginTest -->
