<?xml version="1.0" encoding="UTF-8"?>
<!-- Generated by org.testng.reporters.JUnitReportReporter -->
<testsuite hostname="Khaled-Desktop" failures="0" tests="1" name="ui.VerifyTitleTest" time="3.929" errors="0" timestamp="2023-10-01T23:27:50 EEST" skipped="0">
  <testcase classname="ui.VerifyTitleTest" name="titleTest" time="3.929"/>
  <system-out/>
</testsuite> <!-- ui.VerifyTitleTest -->
