<?xml version="1.0" encoding="UTF-8"?>
<!-- Generated by org.testng.reporters.JUnitReportReporter -->
<testsuite hostname="Khaled-Desktop" failures="0" tests="1" name="ui.HomePageTest" time="0.042" errors="0" timestamp="2023-10-02T18:56:08 EEST" skipped="0">
  <testcase classname="ui.HomePageTest" name="signIn" time="0.042"/>
  <system-out/>
</testsuite> <!-- ui.HomePageTest -->
